<?xml version="1.0" encoding="UTF-8"?>
<!-- Generated by org.testng.reporters.JUnitXMLReporter -->
<testsuite ignored="11" hostname="poojapandey" failures="0" tests="2" name="Test" time="40.865" errors="0" timestamp="2026-01-13T15:10:49 IST">
  <testcase classname="contactTest.ToCreateContactTest" name="toCreateContact_01" time="11.951"/>
  <testcase classname="contactTest.ToCreateContactWithOrgTest" name="toCreateContactWithOrgTest" time="17.55"/>
  <testcase classname="organisationTest.ToCreateOrgTest" name="toCreateOrgTest_01" time="0.0">
    <ignored/>
  </testcase> <!-- toCreateOrgTest_01 -->
  <testcase classname="genericUtility.BaseClass" name="@AfterSuite afterSuiteConfig" time="0.0">
    <ignored/>
  </testcase> <!-- @AfterSuite afterSuiteConfig -->
  <testcase classname="genericUtility.BaseClass" name="@AfterSuite afterSuiteConfig" time="0.0">
    <ignored/>
  </testcase> <!-- @AfterSuite afterSuiteConfig -->
  <testcase classname="genericUtility.BaseClass" name="@BeforeSuite beforeSuiteConfigur" time="0.0">
    <ignored/>
  </testcase> <!-- @BeforeSuite beforeSuiteConfigur -->
  <testcase classname="genericUtility.BaseClass" name="@AfterSuite afterSuiteConfig" time="0.0">
    <ignored/>
  </testcase> <!-- @AfterSuite afterSuiteConfig -->
  <testcase classname="genericUtility.BaseClass" name="@BeforeSuite beforeSuiteConfigur" time="0.0">
    <ignored/>
  </testcase> <!-- @BeforeSuite beforeSuiteConfigur -->
  <testcase classname="organisationTest.ToCreateOrgwithTypeTest" name="toCreateOrgwithTypeTest" time="0.0">
    <ignored/>
  </testcase> <!-- toCreateOrgwithTypeTest -->
  <testcase classname="genericUtility.BaseClass" name="@BeforeSuite beforeSuiteConfigur" time="0.0">
    <ignored/>
  </testcase> <!-- @BeforeSuite beforeSuiteConfigur -->
  <testcase classname="genericUtility.BaseClass" name="@BeforeSuite beforeSuiteConfigur" time="0.0">
    <ignored/>
  </testcase> <!-- @BeforeSuite beforeSuiteConfigur -->
  <testcase classname="organisationTest.ToCreateOrganisationWithIndustryTest" name="ToCreateOrganisationWithIndustryTest_02" time="0.0">
    <ignored/>
  </testcase> <!-- ToCreateOrganisationWithIndustryTest_02 -->
  <testcase classname="genericUtility.BaseClass" name="@AfterSuite afterSuiteConfig" time="0.0">
    <ignored/>
  </testcase> <!-- @AfterSuite afterSuiteConfig -->
</testsuite> <!-- Test -->
